[2020-10-17T21:44:13.416Z][QUERY]: START TRANSACTION
[2020-10-17T21:44:13.431Z][QUERY]: SELECT DATABASE() AS `db_name`
[2020-10-17T21:44:13.438Z][QUERY]: SELECT * FROM `INFORMATION_SCHEMA`.`TABLES` WHERE (`TABLE_SCHEMA` = 'dp_cms' AND `TABLE_NAME` = 'Users')
[2020-10-17T21:44:13.440Z][QUERY]: SELECT * FROM `INFORMATION_SCHEMA`.`COLUMNS` WHERE (`TABLE_SCHEMA` = 'dp_cms' AND `TABLE_NAME` = 'Users')
[2020-10-17T21:44:13.441Z][QUERY]: SELECT * FROM `INFORMATION_SCHEMA`.`KEY_COLUMN_USAGE` WHERE `CONSTRAINT_NAME` = 'PRIMARY' AND ((`TABLE_SCHEMA` = 'dp_cms' AND `TABLE_NAME` = 'Users'))
[2020-10-17T21:44:13.441Z][QUERY]: SELECT `SCHEMA_NAME`, `DEFAULT_CHARACTER_SET_NAME` as `CHARSET`, `DEFAULT_COLLATION_NAME` AS `COLLATION` FROM `INFORMATION_SCHEMA`.`SCHEMATA`
[2020-10-17T21:44:13.441Z][QUERY]: SELECT `s`.* FROM `INFORMATION_SCHEMA`.`STATISTICS` `s` LEFT JOIN `INFORMATION_SCHEMA`.`REFERENTIAL_CONSTRAINTS` `rc` ON `s`.`INDEX_NAME` = `rc`.`CONSTRAINT_NAME` AND `s`.`TABLE_SCHEMA` = `rc`.`CONSTRAINT_SCHEMA`WHERE ((`s`.`TABLE_SCHEMA` = 'dp_cms' AND `s`.`TABLE_NAME` = 'Users')) AND `s`.`INDEX_NAME` != 'PRIMARY' AND `rc`.`CONSTRAINT_NAME` IS NULL
[2020-10-17T21:44:13.441Z][QUERY]: SELECT `kcu`.`TABLE_SCHEMA`, `kcu`.`TABLE_NAME`, `kcu`.`CONSTRAINT_NAME`, `kcu`.`COLUMN_NAME`, `kcu`.`REFERENCED_TABLE_SCHEMA`, `kcu`.`REFERENCED_TABLE_NAME`, `kcu`.`REFERENCED_COLUMN_NAME`, `rc`.`DELETE_RULE` `ON_DELETE`, `rc`.`UPDATE_RULE` `ON_UPDATE` FROM `INFORMATION_SCHEMA`.`KEY_COLUMN_USAGE` `kcu` INNER JOIN `INFORMATION_SCHEMA`.`REFERENTIAL_CONSTRAINTS` `rc` ON `rc`.`constraint_name` = `kcu`.`constraint_name` WHERE (`kcu`.`TABLE_SCHEMA` = 'dp_cms' AND `kcu`.`TABLE_NAME` = 'Users')
[2020-10-17T21:44:13.476Z][QUERY]: SELECT * FROM `INFORMATION_SCHEMA`.`COLUMNS` WHERE `TABLE_SCHEMA` = 'dp_cms' AND `TABLE_NAME` = 'typeorm_metadata'
[2020-10-17T21:44:13.486Z][QUERY]: CREATE TABLE `Users` (`id` int NOT NULL AUTO_INCREMENT, `username` varchar(255) NOT NULL, PRIMARY KEY (`id`)) ENGINE=InnoDB
[2020-10-17T21:44:18.502Z][QUERY]: COMMIT
[2020-10-17T21:46:56.947Z][QUERY]: START TRANSACTION
[2020-10-17T21:46:56.952Z][QUERY]: SELECT DATABASE() AS `db_name`
[2020-10-17T21:46:56.956Z][QUERY]: SELECT * FROM `INFORMATION_SCHEMA`.`TABLES` WHERE (`TABLE_SCHEMA` = 'dp_cms' AND `TABLE_NAME` = 'Users')
[2020-10-17T21:46:56.956Z][QUERY]: SELECT * FROM `INFORMATION_SCHEMA`.`COLUMNS` WHERE (`TABLE_SCHEMA` = 'dp_cms' AND `TABLE_NAME` = 'Users')
[2020-10-17T21:46:56.957Z][QUERY]: SELECT * FROM `INFORMATION_SCHEMA`.`KEY_COLUMN_USAGE` WHERE `CONSTRAINT_NAME` = 'PRIMARY' AND ((`TABLE_SCHEMA` = 'dp_cms' AND `TABLE_NAME` = 'Users'))
[2020-10-17T21:46:56.957Z][QUERY]: SELECT `SCHEMA_NAME`, `DEFAULT_CHARACTER_SET_NAME` as `CHARSET`, `DEFAULT_COLLATION_NAME` AS `COLLATION` FROM `INFORMATION_SCHEMA`.`SCHEMATA`
[2020-10-17T21:46:56.957Z][QUERY]: SELECT `s`.* FROM `INFORMATION_SCHEMA`.`STATISTICS` `s` LEFT JOIN `INFORMATION_SCHEMA`.`REFERENTIAL_CONSTRAINTS` `rc` ON `s`.`INDEX_NAME` = `rc`.`CONSTRAINT_NAME` AND `s`.`TABLE_SCHEMA` = `rc`.`CONSTRAINT_SCHEMA`WHERE ((`s`.`TABLE_SCHEMA` = 'dp_cms' AND `s`.`TABLE_NAME` = 'Users')) AND `s`.`INDEX_NAME` != 'PRIMARY' AND `rc`.`CONSTRAINT_NAME` IS NULL
[2020-10-17T21:46:56.957Z][QUERY]: SELECT `kcu`.`TABLE_SCHEMA`, `kcu`.`TABLE_NAME`, `kcu`.`CONSTRAINT_NAME`, `kcu`.`COLUMN_NAME`, `kcu`.`REFERENCED_TABLE_SCHEMA`, `kcu`.`REFERENCED_TABLE_NAME`, `kcu`.`REFERENCED_COLUMN_NAME`, `rc`.`DELETE_RULE` `ON_DELETE`, `rc`.`UPDATE_RULE` `ON_UPDATE` FROM `INFORMATION_SCHEMA`.`KEY_COLUMN_USAGE` `kcu` INNER JOIN `INFORMATION_SCHEMA`.`REFERENTIAL_CONSTRAINTS` `rc` ON `rc`.`constraint_name` = `kcu`.`constraint_name` WHERE (`kcu`.`TABLE_SCHEMA` = 'dp_cms' AND `kcu`.`TABLE_NAME` = 'Users')
[2020-10-17T21:46:56.978Z][QUERY]: SELECT VERSION() AS `version`
[2020-10-17T21:46:56.982Z][QUERY]: SELECT * FROM `INFORMATION_SCHEMA`.`COLUMNS` WHERE `TABLE_SCHEMA` = 'dp_cms' AND `TABLE_NAME` = 'typeorm_metadata'
[2020-10-17T21:46:56.991Z][QUERY]: COMMIT
[2020-10-17T21:48:57.647Z][QUERY]: START TRANSACTION
[2020-10-17T21:48:57.652Z][QUERY]: SELECT DATABASE() AS `db_name`
[2020-10-17T21:48:57.655Z][QUERY]: SELECT * FROM `INFORMATION_SCHEMA`.`TABLES` WHERE (`TABLE_SCHEMA` = 'dp_cms' AND `TABLE_NAME` = 'Users')
[2020-10-17T21:48:57.655Z][QUERY]: SELECT * FROM `INFORMATION_SCHEMA`.`COLUMNS` WHERE (`TABLE_SCHEMA` = 'dp_cms' AND `TABLE_NAME` = 'Users')
[2020-10-17T21:48:57.655Z][QUERY]: SELECT * FROM `INFORMATION_SCHEMA`.`KEY_COLUMN_USAGE` WHERE `CONSTRAINT_NAME` = 'PRIMARY' AND ((`TABLE_SCHEMA` = 'dp_cms' AND `TABLE_NAME` = 'Users'))
[2020-10-17T21:48:57.656Z][QUERY]: SELECT `SCHEMA_NAME`, `DEFAULT_CHARACTER_SET_NAME` as `CHARSET`, `DEFAULT_COLLATION_NAME` AS `COLLATION` FROM `INFORMATION_SCHEMA`.`SCHEMATA`
[2020-10-17T21:48:57.656Z][QUERY]: SELECT `s`.* FROM `INFORMATION_SCHEMA`.`STATISTICS` `s` LEFT JOIN `INFORMATION_SCHEMA`.`REFERENTIAL_CONSTRAINTS` `rc` ON `s`.`INDEX_NAME` = `rc`.`CONSTRAINT_NAME` AND `s`.`TABLE_SCHEMA` = `rc`.`CONSTRAINT_SCHEMA`WHERE ((`s`.`TABLE_SCHEMA` = 'dp_cms' AND `s`.`TABLE_NAME` = 'Users')) AND `s`.`INDEX_NAME` != 'PRIMARY' AND `rc`.`CONSTRAINT_NAME` IS NULL
[2020-10-17T21:48:57.656Z][QUERY]: SELECT `kcu`.`TABLE_SCHEMA`, `kcu`.`TABLE_NAME`, `kcu`.`CONSTRAINT_NAME`, `kcu`.`COLUMN_NAME`, `kcu`.`REFERENCED_TABLE_SCHEMA`, `kcu`.`REFERENCED_TABLE_NAME`, `kcu`.`REFERENCED_COLUMN_NAME`, `rc`.`DELETE_RULE` `ON_DELETE`, `rc`.`UPDATE_RULE` `ON_UPDATE` FROM `INFORMATION_SCHEMA`.`KEY_COLUMN_USAGE` `kcu` INNER JOIN `INFORMATION_SCHEMA`.`REFERENTIAL_CONSTRAINTS` `rc` ON `rc`.`constraint_name` = `kcu`.`constraint_name` WHERE (`kcu`.`TABLE_SCHEMA` = 'dp_cms' AND `kcu`.`TABLE_NAME` = 'Users')
[2020-10-17T21:48:57.677Z][QUERY]: SELECT * FROM `INFORMATION_SCHEMA`.`COLUMNS` WHERE `TABLE_SCHEMA` = 'dp_cms' AND `TABLE_NAME` = 'typeorm_metadata'
[2020-10-17T21:48:57.685Z][QUERY]: CREATE TABLE `Users` (`id` int NOT NULL AUTO_INCREMENT, `username` varchar(255) NOT NULL, PRIMARY KEY (`id`)) ENGINE=InnoDB
[2020-10-17T21:48:57.741Z][QUERY]: COMMIT
[2020-10-18T06:52:37.778Z][QUERY]: START TRANSACTION
[2020-10-18T06:52:37.796Z][QUERY]: SELECT DATABASE() AS `db_name`
[2020-10-18T06:52:37.811Z][QUERY]: SELECT * FROM `INFORMATION_SCHEMA`.`TABLES` WHERE (`TABLE_SCHEMA` = 'dp_cms' AND `TABLE_NAME` = 'Users')
[2020-10-18T06:52:37.826Z][QUERY]: SELECT * FROM `INFORMATION_SCHEMA`.`COLUMNS` WHERE (`TABLE_SCHEMA` = 'dp_cms' AND `TABLE_NAME` = 'Users')
[2020-10-18T06:52:37.827Z][QUERY]: SELECT * FROM `INFORMATION_SCHEMA`.`KEY_COLUMN_USAGE` WHERE `CONSTRAINT_NAME` = 'PRIMARY' AND ((`TABLE_SCHEMA` = 'dp_cms' AND `TABLE_NAME` = 'Users'))
[2020-10-18T06:52:37.827Z][QUERY]: SELECT `SCHEMA_NAME`, `DEFAULT_CHARACTER_SET_NAME` as `CHARSET`, `DEFAULT_COLLATION_NAME` AS `COLLATION` FROM `INFORMATION_SCHEMA`.`SCHEMATA`
[2020-10-18T06:52:37.828Z][QUERY]: SELECT `s`.* FROM `INFORMATION_SCHEMA`.`STATISTICS` `s` LEFT JOIN `INFORMATION_SCHEMA`.`REFERENTIAL_CONSTRAINTS` `rc` ON `s`.`INDEX_NAME` = `rc`.`CONSTRAINT_NAME` AND `s`.`TABLE_SCHEMA` = `rc`.`CONSTRAINT_SCHEMA`WHERE ((`s`.`TABLE_SCHEMA` = 'dp_cms' AND `s`.`TABLE_NAME` = 'Users')) AND `s`.`INDEX_NAME` != 'PRIMARY' AND `rc`.`CONSTRAINT_NAME` IS NULL
[2020-10-18T06:52:37.828Z][QUERY]: SELECT `kcu`.`TABLE_SCHEMA`, `kcu`.`TABLE_NAME`, `kcu`.`CONSTRAINT_NAME`, `kcu`.`COLUMN_NAME`, `kcu`.`REFERENCED_TABLE_SCHEMA`, `kcu`.`REFERENCED_TABLE_NAME`, `kcu`.`REFERENCED_COLUMN_NAME`, `rc`.`DELETE_RULE` `ON_DELETE`, `rc`.`UPDATE_RULE` `ON_UPDATE` FROM `INFORMATION_SCHEMA`.`KEY_COLUMN_USAGE` `kcu` INNER JOIN `INFORMATION_SCHEMA`.`REFERENTIAL_CONSTRAINTS` `rc` ON `rc`.`constraint_name` = `kcu`.`constraint_name` WHERE (`kcu`.`TABLE_SCHEMA` = 'dp_cms' AND `kcu`.`TABLE_NAME` = 'Users')
[2020-10-18T06:52:37.981Z][QUERY]: SELECT VERSION() AS `version`
[2020-10-18T06:52:38.022Z][QUERY]: SELECT * FROM `INFORMATION_SCHEMA`.`COLUMNS` WHERE `TABLE_SCHEMA` = 'dp_cms' AND `TABLE_NAME` = 'typeorm_metadata'
[2020-10-18T06:52:38.074Z][QUERY]: ALTER TABLE `Users` ADD `email` varchar(150) NOT NULL
[2020-10-18T06:52:38.625Z][QUERY]: ALTER TABLE `Users` ADD UNIQUE INDEX `IDX_3c3ab3f49a87e6ddb607f3c494` (`email`)
[2020-10-18T06:52:38.734Z][QUERY]: ALTER TABLE `Users` ADD `password` varchar(255) NOT NULL
[2020-10-18T06:52:39.047Z][QUERY]: ALTER TABLE `Users` ADD `role` enum ('Admin', 'User') NOT NULL DEFAULT 'User'
[2020-10-18T06:52:39.347Z][QUERY]: ALTER TABLE `Users` ADD `active` tinyint NOT NULL DEFAULT 1
[2020-10-18T06:52:39.563Z][QUERY]: ALTER TABLE `Users` ADD `created` timestamp(6) NOT NULL DEFAULT CURRENT_TIMESTAMP(6)
[2020-10-18T06:52:39.750Z][QUERY]: ALTER TABLE `Users` DROP COLUMN `username`
[2020-10-18T06:52:39.913Z][QUERY]: ALTER TABLE `Users` ADD `username` varchar(50) NOT NULL
[2020-10-18T06:52:40.144Z][QUERY]: ALTER TABLE `Users` ADD UNIQUE INDEX `IDX_ffc81a3b97dcbf8e320d5106c0` (`username`)
[2020-10-18T06:52:40.279Z][QUERY]: COMMIT
